<?xml version="1.0" encoding="UTF-8"?>
<!-- Generated by org.testng.reporters.JUnitReportReporter -->
<testsuite hostname="anirbsen-54098285H" failures="0" tests="1" name="com.scroll.ScrollUD" time="14.560" errors="0" timestamp="2025-07-28T14:46:59 IST" skipped="0">
  <testcase classname="com.scroll.ScrollUD" name="Test" time="14.560"/>
</testsuite> <!-- com.scroll.ScrollUD -->
