<?xml version="1.0" encoding="UTF-8"?>
<!-- Generated by org.testng.reporters.JUnitReportReporter -->
<testsuite hostname="anirbsen-54098285H" failures="0" tests="1" name="com.excel.DDTCaseStudy" time="51.467" errors="0" timestamp="2025-07-28T13:00:27 IST" skipped="0">
  <testcase classname="com.excel.DDTCaseStudy" name="locatorsTestingBlog" time="51.467"/>
</testsuite> <!-- com.excel.DDTCaseStudy -->
