<?xml version="1.0" encoding="UTF-8"?>
<!-- Generated by org.testng.reporters.JUnitReportReporter -->
<testsuite hostname="anirbsen-54098285H" failures="0" tests="1" name="com.locators.DemoID" time="13.457" errors="0" timestamp="2025-07-25T12:25:13 IST" skipped="0">
  <testcase classname="com.locators.DemoID" name="DemoTestID" time="13.457"/>
</testsuite> <!-- com.locators.DemoID -->
