<?xml version="1.0" encoding="UTF-8"?>
<!-- Generated by org.testng.reporters.JUnitReportReporter -->
<testsuite hostname="anirbsen-54098285H" failures="0" tests="1" name="com.DDB.FB" time="5.959" errors="0" timestamp="2025-07-25T15:42:49 IST" skipped="0">
  <testcase classname="com.DDB.FB" name="FBLaunch" time="5.959"/>
</testsuite> <!-- com.DDB.FB -->
