<?xml version="1.0" encoding="UTF-8"?>
<!-- Generated by org.testng.reporters.JUnitReportReporter -->
<testsuite hostname="anirbsen-54098285H" failures="0" tests="1" name="com.DDB.Drop" time="20.054" errors="0" timestamp="2025-07-25T15:30:34 IST" skipped="0">
  <testcase classname="com.DDB.Drop" name="FBLaunch" time="20.054"/>
</testsuite> <!-- com.DDB.Drop -->
