<?xml version="1.0" encoding="UTF-8"?>
<!-- Generated by org.testng.reporters.JUnitReportReporter -->
<testsuite hostname="anirbsen-54098285H" failures="0" tests="1" name="library.TestSS" time="12.980" errors="0" timestamp="2025-07-28T14:37:36 IST" skipped="0">
  <testcase classname="library.TestSS" name="Browser" time="12.980"/>
</testsuite> <!-- library.TestSS -->
