<?xml version="1.0" encoding="UTF-8"?>
<!-- Generated by org.testng.reporters.JUnitReportReporter -->
<testsuite hostname="anirbsen-54098285H" failures="0" tests="1" name="com.HandlingAlerts.OnlyTesting" time="7.155" errors="0" timestamp="2025-07-28T09:16:06 IST" skipped="0">
  <testcase classname="com.HandlingAlerts.OnlyTesting" name="main" time="7.155"/>
</testsuite> <!-- com.HandlingAlerts.OnlyTesting -->
